<?xml version="1.0" encoding="UTF-8"?>
<coverage generated="1689021509687" clover="3.2.0">
  <project timestamp="1689021509687" name="All files">
    <metrics statements="75" coveredstatements="59" conditionals="12" coveredconditionals="12" methods="36" coveredmethods="25" elements="123" coveredelements="96" complexity="0" loc="75" ncloc="75" packages="3" files="8" classes="8"/>
    <package name="bio">
      <metrics statements="9" coveredstatements="0" conditionals="0" coveredconditionals="0" methods="5" coveredmethods="0"/>
      <file name="Bio.tsx" path="C:\DH2\ESPFrontEnd-II\proyectofinal\ctd-fe2-proyecto-final-base\src\features\bio\Bio.tsx">
        <metrics statements="9" coveredstatements="0" conditionals="0" coveredconditionals="0" methods="5" coveredmethods="0"/>
        <line num="10" count="0" type="stmt"/>
        <line num="11" count="0" type="stmt"/>
        <line num="15" count="0" type="stmt"/>
        <line num="16" count="0" type="stmt"/>
        <line num="18" count="0" type="stmt"/>
        <line num="19" count="0" type="stmt"/>
        <line num="20" count="0" type="stmt"/>
        <line num="23" count="0" type="stmt"/>
        <line num="30" count="0" type="stmt"/>
      </file>
    </package>
    <package name="news">
      <metrics statements="37" coveredstatements="32" conditionals="4" coveredconditionals="4" methods="17" coveredmethods="12"/>
      <file name="ModalDestaque.tsx" path="C:\DH2\ESPFrontEnd-II\proyectofinal\ctd-fe2-proyecto-final-base\src\features\news\ModalDestaque.tsx">
        <metrics statements="2" coveredstatements="2" conditionals="0" coveredconditionals="0" methods="1" coveredmethods="1"/>
        <line num="31" count="1" type="stmt"/>
        <line num="37" count="1" type="stmt"/>
      </file>
      <file name="ModalSecundario.tsx" path="C:\DH2\ESPFrontEnd-II\proyectofinal\ctd-fe2-proyecto-final-base\src\features\news\ModalSecundario.tsx">
        <metrics statements="2" coveredstatements="2" conditionals="0" coveredconditionals="0" methods="1" coveredmethods="1"/>
        <line num="27" count="1" type="stmt"/>
        <line num="31" count="1" type="stmt"/>
      </file>
      <file name="Noticias.tsx" path="C:\DH2\ESPFrontEnd-II\proyectofinal\ctd-fe2-proyecto-final-base\src\features\news\Noticias.tsx">
        <metrics statements="20" coveredstatements="16" conditionals="4" coveredconditionals="4" methods="8" coveredmethods="4"/>
        <line num="16" count="1" type="stmt"/>
        <line num="17" count="10" type="stmt"/>
        <line num="18" count="10" type="stmt"/>
        <line num="20" count="10" type="stmt"/>
        <line num="21" count="10" type="cond" truecount="2" falsecount="0"/>
        <line num="22" count="8" type="stmt"/>
        <line num="24" count="2" type="cond" truecount="2" falsecount="0"/>
        <line num="25" count="1" type="stmt"/>
        <line num="27" count="0" type="stmt"/>
        <line num="29" count="0" type="stmt"/>
        <line num="30" count="0" type="stmt"/>
        <line num="31" count="0" type="stmt"/>
        <line num="37" count="1" type="stmt"/>
        <line num="40" count="10" type="stmt"/>
        <line num="41" count="5" type="stmt"/>
        <line num="42" count="5" type="stmt"/>
        <line num="43" count="3" type="stmt"/>
        <line num="44" count="3" type="stmt"/>
        <line num="46" count="5" type="stmt"/>
        <line num="49" count="10" type="stmt"/>
      </file>
      <file name="Tarjeta.tsx" path="C:\DH2\ESPFrontEnd-II\proyectofinal\ctd-fe2-proyecto-final-base\src\features\news\Tarjeta.tsx">
        <metrics statements="4" coveredstatements="4" conditionals="0" coveredconditionals="0" methods="3" coveredmethods="3"/>
        <line num="19" count="2" type="stmt"/>
        <line num="20" count="11" type="stmt"/>
        <line num="23" count="12" type="stmt"/>
        <line num="30" count="3" type="stmt"/>
      </file>
      <file name="fakeRest.ts" path="C:\DH2\ESPFrontEnd-II\proyectofinal\ctd-fe2-proyecto-final-base\src\features\news\fakeRest.ts">
        <metrics statements="9" coveredstatements="8" conditionals="0" coveredconditionals="0" methods="4" coveredmethods="3"/>
        <line num="10" count="1" type="stmt"/>
        <line num="13" count="3" type="stmt"/>
        <line num="14" count="3" type="stmt"/>
        <line num="15" count="3" type="stmt"/>
        <line num="18" count="1" type="stmt"/>
        <line num="65" count="1" type="stmt"/>
        <line num="66" count="2" type="stmt"/>
        <line num="67" count="2" type="stmt"/>
        <line num="68" count="0" type="stmt"/>
      </file>
    </package>
    <package name="quote">
      <metrics statements="29" coveredstatements="27" conditionals="8" coveredconditionals="8" methods="14" coveredmethods="13"/>
      <file name="Cita.tsx" path="C:\DH2\ESPFrontEnd-II\proyectofinal\ctd-fe2-proyecto-final-base\src\features\quote\Cita.tsx">
        <metrics statements="10" coveredstatements="10" conditionals="8" coveredconditionals="8" methods="4" coveredmethods="4"/>
        <line num="14" count="29" type="stmt"/>
        <line num="16" count="29" type="cond" truecount="2" falsecount="0"/>
        <line num="17" count="29" type="stmt"/>
        <line num="19" count="29" type="stmt"/>
        <line num="21" count="29" type="stmt"/>
        <line num="23" count="29" type="stmt"/>
        <line num="24" count="2" type="stmt"/>
        <line num="25" count="2" type="stmt"/>
        <line num="28" count="29" type="stmt"/>
        <line num="35" count="17" type="stmt"/>
      </file>
      <file name="citaSlice.ts" path="C:\DH2\ESPFrontEnd-II\proyectofinal\ctd-fe2-proyecto-final-base\src\features\quote\citaSlice.ts">
        <metrics statements="19" coveredstatements="17" conditionals="0" coveredconditionals="0" methods="10" coveredmethods="9"/>
        <line num="13" count="1" type="stmt"/>
        <line num="18" count="1" type="stmt"/>
        <line num="21" count="3" type="stmt"/>
        <line num="22" count="3" type="stmt"/>
        <line num="24" count="3" type="stmt"/>
        <line num="26" count="0" type="stmt"/>
        <line num="31" count="1" type="stmt"/>
        <line num="35" count="5" type="stmt"/>
        <line num="39" count="1" type="stmt"/>
        <line num="41" count="3" type="stmt"/>
        <line num="44" count="3" type="stmt"/>
        <line num="45" count="3" type="stmt"/>
        <line num="48" count="0" type="stmt"/>
        <line num="53" count="1" type="stmt"/>
        <line num="56" count="3" type="stmt"/>
        <line num="57" count="3" type="stmt"/>
        <line num="58" count="3" type="stmt"/>
        <line num="61" count="17" type="stmt"/>
        <line num="62" count="11" type="stmt"/>
      </file>
    </package>
  </project>
</coverage>
