{"C:\\DH2\\ESPFrontEnd-II\\proyectofinal\\ctd-fe2-proyecto-final-base\\src\\features\\bio\\Bio.tsx": {"path":"C:\\DH2\\ESPFrontEnd-II\\proyectofinal\\ctd-fe2-proyecto-final-base\\src\\features\\bio\\Bio.tsx","statementMap":{"0":{"start":{"line":10,"column":14},"end":{"line":44,"column":3}},"1":{"start":{"line":11,"column":38},"end":{"line":13,"column":5}},"2":{"start":{"line":15,"column":55},"end":{"line":16,"column":41}},"3":{"start":{"line":16,"column":6},"end":{"line":16,"column":41}},"4":{"start":{"line":18,"column":25},"end":{"line":28,"column":5}},"5":{"start":{"line":19,"column":6},"end":{"line":27,"column":9}},"6":{"start":{"line":20,"column":8},"end":{"line":26,"column":19}},"7":{"start":{"line":23,"column":25},"end":{"line":23,"column":59}},"8":{"start":{"line":30,"column":4},"end":{"line":43,"column":6}}},"fnMap":{"0":{"name":"(anonymous_0)","decl":{"start":{"line":10,"column":14},"end":{"line":10,"column":15}},"loc":{"start":{"line":10,"column":20},"end":{"line":44,"column":3}},"line":10},"1":{"name":"(anonymous_1)","decl":{"start":{"line":15,"column":55},"end":{"line":15,"column":56}},"loc":{"start":{"line":16,"column":6},"end":{"line":16,"column":41}},"line":16},"2":{"name":"(anonymous_2)","decl":{"start":{"line":18,"column":25},"end":{"line":18,"column":26}},"loc":{"start":{"line":18,"column":31},"end":{"line":28,"column":5}},"line":18},"3":{"name":"(anonymous_3)","decl":{"start":{"line":19,"column":44},"end":{"line":19,"column":45}},"loc":{"start":{"line":20,"column":8},"end":{"line":26,"column":19}},"line":20},"4":{"name":"(anonymous_4)","decl":{"start":{"line":23,"column":19},"end":{"line":23,"column":20}},"loc":{"start":{"line":23,"column":25},"end":{"line":23,"column":59}},"line":23}},"branchMap":{},"s":{"0":0,"1":0,"2":0,"3":0,"4":0,"5":0,"6":0,"7":0,"8":0},"f":{"0":0,"1":0,"2":0,"3":0,"4":0},"b":{}}
,"C:\\DH2\\ESPFrontEnd-II\\proyectofinal\\ctd-fe2-proyecto-final-base\\src\\features\\news\\ModalDestaque.tsx": {"path":"C:\\DH2\\ESPFrontEnd-II\\proyectofinal\\ctd-fe2-proyecto-final-base\\src\\features\\news\\ModalDestaque.tsx","statementMap":{"0":{"start":{"line":31,"column":22},"end":{"line":51,"column":1}},"1":{"start":{"line":37,"column":2},"end":{"line":50,"column":4}}},"fnMap":{"0":{"name":"(anonymous_0)","decl":{"start":{"line":31,"column":22},"end":{"line":31,"column":23}},"loc":{"start":{"line":36,"column":27},"end":{"line":51,"column":1}},"line":36}},"branchMap":{},"s":{"0":1,"1":1},"f":{"0":1},"b":{},"_coverageSchema":"1a1c01bbd47fc00a2c39e90264f33305004495a9","hash":"f1c3fd294a4c9286ef91d873389e9be49085948a"}
,"C:\\DH2\\ESPFrontEnd-II\\proyectofinal\\ctd-fe2-proyecto-final-base\\src\\features\\news\\ModalSecundario.tsx": {"path":"C:\\DH2\\ESPFrontEnd-II\\proyectofinal\\ctd-fe2-proyecto-final-base\\src\\features\\news\\ModalSecundario.tsx","statementMap":{"0":{"start":{"line":27,"column":24},"end":{"line":49,"column":1}},"1":{"start":{"line":31,"column":2},"end":{"line":48,"column":4}}},"fnMap":{"0":{"name":"(anonymous_0)","decl":{"start":{"line":27,"column":24},"end":{"line":27,"column":25}},"loc":{"start":{"line":30,"column":29},"end":{"line":49,"column":1}},"line":30}},"branchMap":{},"s":{"0":1,"1":1},"f":{"0":1},"b":{},"_coverageSchema":"1a1c01bbd47fc00a2c39e90264f33305004495a9","hash":"a311d00216c89842dd03caa3befdde6c87f37b3b"}
,"C:\\DH2\\ESPFrontEnd-II\\proyectofinal\\ctd-fe2-proyecto-final-base\\src\\features\\news\\Noticias.tsx": {"path":"C:\\DH2\\ESPFrontEnd-II\\proyectofinal\\ctd-fe2-proyecto-final-base\\src\\features\\news\\Noticias.tsx","statementMap":{"0":{"start":{"line":16,"column":17},"end":{"line":58,"column":1}},"1":{"start":{"line":17,"column":34},"end":{"line":17,"column":71}},"2":{"start":{"line":18,"column":28},"end":{"line":18,"column":72}},"3":{"start":{"line":20,"column":19},"end":{"line":38,"column":13}},"4":{"start":{"line":21,"column":4},"end":{"line":23,"column":5}},"5":{"start":{"line":22,"column":6},"end":{"line":22,"column":23}},"6":{"start":{"line":24,"column":4},"end":{"line":36,"column":5}},"7":{"start":{"line":25,"column":6},"end":{"line":35,"column":8}},"8":{"start":{"line":27,"column":25},"end":{"line":27,"column":39}},"9":{"start":{"line":29,"column":12},"end":{"line":32,"column":20}},"10":{"start":{"line":30,"column":14},"end":{"line":30,"column":34}},"11":{"start":{"line":31,"column":14},"end":{"line":31,"column":29}},"12":{"start":{"line":37,"column":4},"end":{"line":37,"column":71}},"13":{"start":{"line":37,"column":52},"end":{"line":37,"column":66}},"14":{"start":{"line":40,"column":2},"end":{"line":47,"column":9}},"15":{"start":{"line":41,"column":31},"end":{"line":45,"column":5}},"16":{"start":{"line":42,"column":24},"end":{"line":42,"column":47}},"17":{"start":{"line":43,"column":35},"end":{"line":43,"column":53}},"18":{"start":{"line":44,"column":6},"end":{"line":44,"column":40}},"19":{"start":{"line":46,"column":4},"end":{"line":46,"column":25}},"20":{"start":{"line":49,"column":2},"end":{"line":57,"column":4}}},"fnMap":{"0":{"name":"(anonymous_0)","decl":{"start":{"line":16,"column":17},"end":{"line":16,"column":18}},"loc":{"start":{"line":16,"column":23},"end":{"line":58,"column":1}},"line":16},"1":{"name":"(anonymous_1)","decl":{"start":{"line":20,"column":31},"end":{"line":20,"column":32}},"loc":{"start":{"line":20,"column":37},"end":{"line":38,"column":3}},"line":20},"2":{"name":"(anonymous_2)","decl":{"start":{"line":27,"column":19},"end":{"line":27,"column":20}},"loc":{"start":{"line":27,"column":25},"end":{"line":27,"column":39}},"line":27},"3":{"name":"(anonymous_3)","decl":{"start":{"line":28,"column":26},"end":{"line":28,"column":27}},"loc":{"start":{"line":29,"column":12},"end":{"line":32,"column":20}},"line":29},"4":{"name":"(anonymous_4)","decl":{"start":{"line":29,"column":23},"end":{"line":29,"column":24}},"loc":{"start":{"line":29,"column":29},"end":{"line":32,"column":13}},"line":29},"5":{"name":"(anonymous_5)","decl":{"start":{"line":37,"column":46},"end":{"line":37,"column":47}},"loc":{"start":{"line":37,"column":52},"end":{"line":37,"column":66}},"line":37},"6":{"name":"(anonymous_6)","decl":{"start":{"line":40,"column":12},"end":{"line":40,"column":13}},"loc":{"start":{"line":40,"column":18},"end":{"line":47,"column":3}},"line":40},"7":{"name":"(anonymous_7)","decl":{"start":{"line":41,"column":31},"end":{"line":41,"column":32}},"loc":{"start":{"line":41,"column":43},"end":{"line":45,"column":5}},"line":41}},"branchMap":{"0":{"loc":{"start":{"line":21,"column":4},"end":{"line":23,"column":5}},"type":"if","locations":[{"start":{"line":21,"column":4},"end":{"line":23,"column":5}},{"start":{},"end":{}}],"line":21},"1":{"loc":{"start":{"line":24,"column":4},"end":{"line":36,"column":5}},"type":"if","locations":[{"start":{"line":24,"column":4},"end":{"line":36,"column":5}},{"start":{},"end":{}}],"line":24}},"s":{"0":1,"1":10,"2":10,"3":10,"4":10,"5":8,"6":2,"7":1,"8":0,"9":0,"10":0,"11":0,"12":1,"13":0,"14":10,"15":5,"16":5,"17":3,"18":3,"19":5,"20":10},"f":{"0":10,"1":10,"2":0,"3":0,"4":0,"5":0,"6":5,"7":5},"b":{"0":[8,2],"1":[1,1]},"_coverageSchema":"1a1c01bbd47fc00a2c39e90264f33305004495a9","hash":"1eda4dace2d31bda553f44f5c7a535cc82ab947e"}
,"C:\\DH2\\ESPFrontEnd-II\\proyectofinal\\ctd-fe2-proyecto-final-base\\src\\features\\news\\Tarjeta.tsx": {"path":"C:\\DH2\\ESPFrontEnd-II\\proyectofinal\\ctd-fe2-proyecto-final-base\\src\\features\\news\\Tarjeta.tsx","statementMap":{"0":{"start":{"line":19,"column":16},"end":{"line":35,"column":1}},"1":{"start":{"line":20,"column":2},"end":{"line":34,"column":4}},"2":{"start":{"line":23,"column":8},"end":{"line":31,"column":25}},"3":{"start":{"line":30,"column":39},"end":{"line":30,"column":53}}},"fnMap":{"0":{"name":"(anonymous_0)","decl":{"start":{"line":19,"column":16},"end":{"line":19,"column":17}},"loc":{"start":{"line":19,"column":57},"end":{"line":35,"column":1}},"line":19},"1":{"name":"(anonymous_1)","decl":{"start":{"line":22,"column":20},"end":{"line":22,"column":21}},"loc":{"start":{"line":23,"column":8},"end":{"line":31,"column":25}},"line":23},"2":{"name":"(anonymous_2)","decl":{"start":{"line":30,"column":33},"end":{"line":30,"column":34}},"loc":{"start":{"line":30,"column":39},"end":{"line":30,"column":53}},"line":30}},"branchMap":{},"s":{"0":2,"1":11,"2":12,"3":3},"f":{"0":11,"1":12,"2":3},"b":{},"_coverageSchema":"1a1c01bbd47fc00a2c39e90264f33305004495a9","hash":"5c7f43dcfaca02e6a46b274b45e68951d85a75f2"}
,"C:\\DH2\\ESPFrontEnd-II\\proyectofinal\\ctd-fe2-proyecto-final-base\\src\\features\\news\\fakeRest.ts": {"path":"C:\\DH2\\ESPFrontEnd-II\\proyectofinal\\ctd-fe2-proyecto-final-base\\src\\features\\news\\fakeRest.ts","statementMap":{"0":{"start":{"line":10,"column":74},"end":{"line":16,"column":1}},"1":{"start":{"line":13,"column":15},"end":{"line":13,"column":25}},"2":{"start":{"line":14,"column":2},"end":{"line":14,"column":70}},"3":{"start":{"line":15,"column":2},"end":{"line":15,"column":14}},"4":{"start":{"line":18,"column":13},"end":{"line":63,"column":1}},"5":{"start":{"line":65,"column":59},"end":{"line":71,"column":1}},"6":{"start":{"line":66,"column":2},"end":{"line":70,"column":5}},"7":{"start":{"line":67,"column":4},"end":{"line":69,"column":13}},"8":{"start":{"line":68,"column":6},"end":{"line":68,"column":20}}},"fnMap":{"0":{"name":"(anonymous_0)","decl":{"start":{"line":10,"column":74},"end":{"line":10,"column":75}},"loc":{"start":{"line":12,"column":5},"end":{"line":16,"column":1}},"line":12},"1":{"name":"(anonymous_1)","decl":{"start":{"line":65,"column":59},"end":{"line":65,"column":60}},"loc":{"start":{"line":65,"column":71},"end":{"line":71,"column":1}},"line":65},"2":{"name":"(anonymous_2)","decl":{"start":{"line":66,"column":21},"end":{"line":66,"column":22}},"loc":{"start":{"line":66,"column":34},"end":{"line":70,"column":3}},"line":66},"3":{"name":"(anonymous_3)","decl":{"start":{"line":67,"column":15},"end":{"line":67,"column":16}},"loc":{"start":{"line":67,"column":21},"end":{"line":69,"column":5}},"line":67}},"branchMap":{},"s":{"0":1,"1":3,"2":3,"3":3,"4":1,"5":1,"6":2,"7":2,"8":0},"f":{"0":3,"1":2,"2":2,"3":0},"b":{},"_coverageSchema":"1a1c01bbd47fc00a2c39e90264f33305004495a9","hash":"9342fb5ab4c3ff73e6b60c3c66a38e3c62eecef5"}
,"C:\\DH2\\ESPFrontEnd-II\\proyectofinal\\ctd-fe2-proyecto-final-base\\src\\features\\quote\\Cita.tsx": {"path":"C:\\DH2\\ESPFrontEnd-II\\proyectofinal\\ctd-fe2-proyecto-final-base\\src\\features\\quote\\Cita.tsx","statementMap":{"0":{"start":{"line":14,"column":38},"end":{"line":14,"column":50}},"1":{"start":{"line":16,"column":4},"end":{"line":16,"column":60}},"2":{"start":{"line":17,"column":23},"end":{"line":17,"column":61}},"3":{"start":{"line":19,"column":19},"end":{"line":19,"column":35}},"4":{"start":{"line":21,"column":29},"end":{"line":21,"column":75}},"5":{"start":{"line":21,"column":35},"end":{"line":21,"column":75}},"6":{"start":{"line":23,"column":24},"end":{"line":26,"column":3}},"7":{"start":{"line":24,"column":4},"end":{"line":24,"column":24}},"8":{"start":{"line":25,"column":4},"end":{"line":25,"column":22}},"9":{"start":{"line":28,"column":2},"end":{"line":48,"column":4}},"10":{"start":{"line":35,"column":25},"end":{"line":35,"column":54}}},"fnMap":{"0":{"name":"Cita","decl":{"start":{"line":13,"column":9},"end":{"line":13,"column":13}},"loc":{"start":{"line":13,"column":16},"end":{"line":49,"column":1}},"line":13},"1":{"name":"(anonymous_1)","decl":{"start":{"line":21,"column":29},"end":{"line":21,"column":30}},"loc":{"start":{"line":21,"column":35},"end":{"line":21,"column":75}},"line":21},"2":{"name":"(anonymous_2)","decl":{"start":{"line":23,"column":24},"end":{"line":23,"column":25}},"loc":{"start":{"line":23,"column":30},"end":{"line":26,"column":3}},"line":23},"3":{"name":"(anonymous_3)","decl":{"start":{"line":35,"column":18},"end":{"line":35,"column":19}},"loc":{"start":{"line":35,"column":25},"end":{"line":35,"column":54}},"line":35}},"branchMap":{"0":{"loc":{"start":{"line":15,"column":10},"end":{"line":15,"column":19}},"type":"default-arg","locations":[{"start":{"line":15,"column":17},"end":{"line":15,"column":19}}],"line":15},"1":{"loc":{"start":{"line":15,"column":21},"end":{"line":15,"column":35}},"type":"default-arg","locations":[{"start":{"line":15,"column":33},"end":{"line":15,"column":35}}],"line":15},"2":{"loc":{"start":{"line":16,"column":4},"end":{"line":16,"column":60}},"type":"binary-expr","locations":[{"start":{"line":16,"column":4},"end":{"line":16,"column":54}},{"start":{"line":16,"column":58},"end":{"line":16,"column":60}}],"line":16},"3":{"loc":{"start":{"line":39,"column":20},"end":{"line":39,"column":74}},"type":"cond-expr","locations":[{"start":{"line":39,"column":33},"end":{"line":39,"column":47}},{"start":{"line":39,"column":50},"end":{"line":39,"column":74}}],"line":39},"4":{"loc":{"start":{"line":42,"column":9},"end":{"line":42,"column":63}},"type":"cond-expr","locations":[{"start":{"line":42,"column":22},"end":{"line":42,"column":36}},{"start":{"line":42,"column":39},"end":{"line":42,"column":63}}],"line":42}},"s":{"0":29,"1":29,"2":29,"3":29,"4":29,"5":3,"6":29,"7":2,"8":2,"9":29,"10":17},"f":{"0":29,"1":3,"2":2,"3":17},"b":{"0":[27],"1":[27],"2":[29,27],"3":[19,10],"4":[19,10]},"_coverageSchema":"1a1c01bbd47fc00a2c39e90264f33305004495a9","hash":"5e95565026b2a31a1592400c04728e0f807c7019"}
,"C:\\DH2\\ESPFrontEnd-II\\proyectofinal\\ctd-fe2-proyecto-final-base\\src\\features\\quote\\citaSlice.ts": {"path":"C:\\DH2\\ESPFrontEnd-II\\proyectofinal\\ctd-fe2-proyecto-final-base\\src\\features\\quote\\citaSlice.ts","statementMap":{"0":{"start":{"line":13,"column":33},"end":{"line":16,"column":1}},"1":{"start":{"line":18,"column":32},"end":{"line":29,"column":1}},"2":{"start":{"line":21,"column":4},"end":{"line":27,"column":5}},"3":{"start":{"line":22,"column":19},"end":{"line":22,"column":47}},"4":{"start":{"line":24,"column":6},"end":{"line":24,"column":18}},"5":{"start":{"line":26,"column":6},"end":{"line":26,"column":16}},"6":{"start":{"line":31,"column":25},"end":{"line":51,"column":2}},"7":{"start":{"line":35,"column":19},"end":{"line":35,"column":31}},"8":{"start":{"line":39,"column":4},"end":{"line":49,"column":9}},"9":{"start":{"line":41,"column":8},"end":{"line":41,"column":45}},"10":{"start":{"line":44,"column":8},"end":{"line":44,"column":45}},"11":{"start":{"line":45,"column":8},"end":{"line":45,"column":36}},"12":{"start":{"line":48,"column":8},"end":{"line":48,"column":42}},"13":{"start":{"line":53,"column":27},"end":{"line":53,"column":44}},"14":{"start":{"line":56,"column":2},"end":{"line":59,"column":3}},"15":{"start":{"line":56,"column":25},"end":{"line":59,"column":3}},"16":{"start":{"line":57,"column":4},"end":{"line":57,"column":24}},"17":{"start":{"line":58,"column":4},"end":{"line":58,"column":42}},"18":{"start":{"line":61,"column":36},"end":{"line":61,"column":73}},"19":{"start":{"line":61,"column":58},"end":{"line":61,"column":73}},"20":{"start":{"line":62,"column":38},"end":{"line":62,"column":77}},"21":{"start":{"line":62,"column":60},"end":{"line":62,"column":77}}},"fnMap":{"0":{"name":"(anonymous_0)","decl":{"start":{"line":20,"column":2},"end":{"line":20,"column":3}},"loc":{"start":{"line":20,"column":31},"end":{"line":28,"column":3}},"line":20},"1":{"name":"(anonymous_1)","decl":{"start":{"line":35,"column":13},"end":{"line":35,"column":14}},"loc":{"start":{"line":35,"column":19},"end":{"line":35,"column":31}},"line":35},"2":{"name":"(anonymous_2)","decl":{"start":{"line":38,"column":17},"end":{"line":38,"column":18}},"loc":{"start":{"line":38,"column":30},"end":{"line":50,"column":3}},"line":38},"3":{"name":"(anonymous_3)","decl":{"start":{"line":40,"column":41},"end":{"line":40,"column":42}},"loc":{"start":{"line":40,"column":52},"end":{"line":42,"column":7}},"line":40},"4":{"name":"(anonymous_4)","decl":{"start":{"line":43,"column":43},"end":{"line":43,"column":44}},"loc":{"start":{"line":43,"column":62},"end":{"line":46,"column":7}},"line":43},"5":{"name":"(anonymous_5)","decl":{"start":{"line":47,"column":42},"end":{"line":47,"column":43}},"loc":{"start":{"line":47,"column":53},"end":{"line":49,"column":7}},"line":47},"6":{"name":"(anonymous_6)","decl":{"start":{"line":56,"column":2},"end":{"line":56,"column":3}},"loc":{"start":{"line":56,"column":25},"end":{"line":59,"column":3}},"line":56},"7":{"name":"(anonymous_7)","decl":{"start":{"line":56,"column":25},"end":{"line":56,"column":26}},"loc":{"start":{"line":56,"column":52},"end":{"line":59,"column":3}},"line":56},"8":{"name":"(anonymous_8)","decl":{"start":{"line":61,"column":36},"end":{"line":61,"column":37}},"loc":{"start":{"line":61,"column":58},"end":{"line":61,"column":73}},"line":61},"9":{"name":"(anonymous_9)","decl":{"start":{"line":62,"column":38},"end":{"line":62,"column":39}},"loc":{"start":{"line":62,"column":60},"end":{"line":62,"column":77}},"line":62}},"branchMap":{},"s":{"0":1,"1":1,"2":3,"3":3,"4":3,"5":0,"6":1,"7":5,"8":1,"9":3,"10":3,"11":3,"12":0,"13":1,"14":1,"15":3,"16":3,"17":3,"18":1,"19":17,"20":1,"21":11},"f":{"0":3,"1":5,"2":1,"3":3,"4":3,"5":0,"6":3,"7":3,"8":17,"9":11},"b":{},"_coverageSchema":"1a1c01bbd47fc00a2c39e90264f33305004495a9","hash":"1fa623190d4395be98d073757804c388e344f0a7"}
}
