TN:
SF:src\test-utils.tsx
FN:8,(anonymous_0)
FN:26,(anonymous_1)
FNF:2
FNH:2
FNDA:6,(anonymous_0)
FNDA:6,(anonymous_1)
DA:8,1
DA:26,6
DA:28,6
LF:3
LH:3
BRDA:10,0,0,6
BRDA:12,1,0,6
BRF:2
BRH:2
end_of_record
TN:
SF:src\app\constants.ts
FNF:0
FNH:0
DA:1,1
LF:1
LH:1
BRF:0
BRH:0
end_of_record
TN:
SF:src\features\news\ModalDestaque.tsx
FN:31,(anonymous_0)
FNF:1
FNH:1
FNDA:1,(anonymous_0)
DA:31,1
DA:37,1
LF:2
LH:2
BRF:0
BRH:0
end_of_record
TN:
SF:src\features\news\ModalSecundario.tsx
FN:27,(anonymous_0)
FNF:1
FNH:1
FNDA:1,(anonymous_0)
DA:27,1
DA:31,1
LF:2
LH:2
BRF:0
BRH:0
end_of_record
TN:
SF:src\features\news\Noticias.tsx
FN:15,(anonymous_0)
FN:19,(anonymous_1)
FN:26,(anonymous_2)
FN:27,(anonymous_3)
FN:28,(anonymous_4)
FN:36,(anonymous_5)
FN:39,(anonymous_6)
FN:40,(anonymous_7)
FNF:8
FNH:4
FNDA:10,(anonymous_0)
FNDA:10,(anonymous_1)
FNDA:0,(anonymous_2)
FNDA:0,(anonymous_3)
FNDA:0,(anonymous_4)
FNDA:0,(anonymous_5)
FNDA:5,(anonymous_6)
FNDA:5,(anonymous_7)
DA:15,1
DA:16,10
DA:17,10
DA:19,10
DA:20,10
DA:21,8
DA:23,2
DA:24,1
DA:26,0
DA:28,0
DA:29,0
DA:30,0
DA:36,1
DA:39,10
DA:40,5
DA:41,5
DA:42,3
DA:43,3
DA:45,5
DA:48,10
LF:20
LH:16
BRDA:20,0,0,8
BRDA:20,0,1,2
BRDA:23,1,0,1
BRDA:23,1,1,1
BRF:4
BRH:4
end_of_record
TN:
SF:src\features\news\Tarjeta.tsx
FN:23,(anonymous_0)
FN:26,(anonymous_1)
FN:34,(anonymous_2)
FNF:3
FNH:3
FNDA:11,(anonymous_0)
FNDA:12,(anonymous_1)
FNDA:3,(anonymous_2)
DA:23,2
DA:24,11
DA:27,12
DA:34,3
LF:4
LH:4
BRF:0
BRH:0
end_of_record
TN:
SF:src\features\news\fakeRest.ts
FN:10,(anonymous_0)
FN:65,(anonymous_1)
FN:66,(anonymous_2)
FN:67,(anonymous_3)
FNF:4
FNH:3
FNDA:3,(anonymous_0)
FNDA:2,(anonymous_1)
FNDA:2,(anonymous_2)
FNDA:0,(anonymous_3)
DA:10,1
DA:13,3
DA:14,3
DA:15,3
DA:18,1
DA:65,1
DA:66,2
DA:67,2
DA:68,0
LF:9
LH:8
BRF:0
BRH:0
end_of_record
TN:
SF:src\features\news\noticias.contracts.ts
FNF:0
FNH:0
LF:0
LH:0
BRF:0
BRH:0
end_of_record
TN:
SF:src\features\quote\Cita.tsx
FN:13,Cita
FN:21,(anonymous_1)
FN:23,(anonymous_2)
FN:35,(anonymous_3)
FNF:4
FNH:4
FNDA:29,Cita
FNDA:3,(anonymous_1)
FNDA:2,(anonymous_2)
FNDA:17,(anonymous_3)
DA:14,29
DA:16,29
DA:17,29
DA:19,29
DA:21,29
DA:23,29
DA:24,2
DA:25,2
DA:28,29
DA:35,17
LF:10
LH:10
BRDA:15,0,0,27
BRDA:15,1,0,27
BRDA:16,2,0,29
BRDA:16,2,1,27
BRDA:39,3,0,19
BRDA:39,3,1,10
BRDA:42,4,0,19
BRDA:42,4,1,10
BRF:8
BRH:8
end_of_record
