TN:
SF:src\features\bio\Bio.tsx
FN:10,(anonymous_0)
FN:15,(anonymous_1)
FN:18,(anonymous_2)
FN:19,(anonymous_3)
FN:23,(anonymous_4)
FNF:5
FNH:0
FNDA:0,(anonymous_0)
FNDA:0,(anonymous_1)
FNDA:0,(anonymous_2)
FNDA:0,(anonymous_3)
FNDA:0,(anonymous_4)
DA:10,0
DA:11,0
DA:15,0
DA:16,0
DA:18,0
DA:19,0
DA:20,0
DA:23,0
DA:30,0
LF:9
LH:0
BRF:0
BRH:0
end_of_record
TN:
SF:src\features\news\ModalDestaque.tsx
FN:31,(anonymous_0)
FNF:1
FNH:1
FNDA:1,(anonymous_0)
DA:31,1
DA:37,1
LF:2
LH:2
BRF:0
BRH:0
end_of_record
TN:
SF:src\features\news\ModalSecundario.tsx
FN:27,(anonymous_0)
FNF:1
FNH:1
FNDA:1,(anonymous_0)
DA:27,1
DA:31,1
LF:2
LH:2
BRF:0
BRH:0
end_of_record
TN:
SF:src\features\news\Noticias.tsx
FN:16,(anonymous_0)
FN:20,(anonymous_1)
FN:27,(anonymous_2)
FN:28,(anonymous_3)
FN:29,(anonymous_4)
FN:37,(anonymous_5)
FN:40,(anonymous_6)
FN:41,(anonymous_7)
FNF:8
FNH:4
FNDA:10,(anonymous_0)
FNDA:10,(anonymous_1)
FNDA:0,(anonymous_2)
FNDA:0,(anonymous_3)
FNDA:0,(anonymous_4)
FNDA:0,(anonymous_5)
FNDA:5,(anonymous_6)
FNDA:5,(anonymous_7)
DA:16,1
DA:17,10
DA:18,10
DA:20,10
DA:21,10
DA:22,8
DA:24,2
DA:25,1
DA:27,0
DA:29,0
DA:30,0
DA:31,0
DA:37,1
DA:40,10
DA:41,5
DA:42,5
DA:43,3
DA:44,3
DA:46,5
DA:49,10
LF:20
LH:16
BRDA:21,0,0,8
BRDA:21,0,1,2
BRDA:24,1,0,1
BRDA:24,1,1,1
BRF:4
BRH:4
end_of_record
TN:
SF:src\features\news\Tarjeta.tsx
FN:19,(anonymous_0)
FN:22,(anonymous_1)
FN:30,(anonymous_2)
FNF:3
FNH:3
FNDA:11,(anonymous_0)
FNDA:12,(anonymous_1)
FNDA:3,(anonymous_2)
DA:19,2
DA:20,11
DA:23,12
DA:30,3
LF:4
LH:4
BRF:0
BRH:0
end_of_record
TN:
SF:src\features\news\fakeRest.ts
FN:10,(anonymous_0)
FN:65,(anonymous_1)
FN:66,(anonymous_2)
FN:67,(anonymous_3)
FNF:4
FNH:3
FNDA:3,(anonymous_0)
FNDA:2,(anonymous_1)
FNDA:2,(anonymous_2)
FNDA:0,(anonymous_3)
DA:10,1
DA:13,3
DA:14,3
DA:15,3
DA:18,1
DA:65,1
DA:66,2
DA:67,2
DA:68,0
LF:9
LH:8
BRF:0
BRH:0
end_of_record
TN:
SF:src\features\quote\Cita.tsx
FN:13,Cita
FN:21,(anonymous_1)
FN:23,(anonymous_2)
FN:35,(anonymous_3)
FNF:4
FNH:4
FNDA:29,Cita
FNDA:3,(anonymous_1)
FNDA:2,(anonymous_2)
FNDA:17,(anonymous_3)
DA:14,29
DA:16,29
DA:17,29
DA:19,29
DA:21,29
DA:23,29
DA:24,2
DA:25,2
DA:28,29
DA:35,17
LF:10
LH:10
BRDA:15,0,0,27
BRDA:15,1,0,27
BRDA:16,2,0,29
BRDA:16,2,1,27
BRDA:39,3,0,19
BRDA:39,3,1,10
BRDA:42,4,0,19
BRDA:42,4,1,10
BRF:8
BRH:8
end_of_record
TN:
SF:src\features\quote\citaSlice.ts
FN:20,(anonymous_0)
FN:35,(anonymous_1)
FN:38,(anonymous_2)
FN:40,(anonymous_3)
FN:43,(anonymous_4)
FN:47,(anonymous_5)
FN:56,(anonymous_6)
FN:56,(anonymous_7)
FN:61,(anonymous_8)
FN:62,(anonymous_9)
FNF:10
FNH:9
FNDA:3,(anonymous_0)
FNDA:5,(anonymous_1)
FNDA:1,(anonymous_2)
FNDA:3,(anonymous_3)
FNDA:3,(anonymous_4)
FNDA:0,(anonymous_5)
FNDA:3,(anonymous_6)
FNDA:3,(anonymous_7)
FNDA:17,(anonymous_8)
FNDA:11,(anonymous_9)
DA:13,1
DA:18,1
DA:21,3
DA:22,3
DA:24,3
DA:26,0
DA:31,1
DA:35,5
DA:39,1
DA:41,3
DA:44,3
DA:45,3
DA:48,0
DA:53,1
DA:56,3
DA:57,3
DA:58,3
DA:61,17
DA:62,11
LF:19
LH:17
BRF:0
BRH:0
end_of_record
